00000000000i[      ] Bochs x86 Emulator 2.6.9
00000000000i[      ]   Built from SVN snapshot on April 9, 2017
00000000000i[      ] Compiled on Jan 11 2019 at 07:51:24
00000000000i[      ] System configuration
00000000000i[      ]   processors: 1 (cores=1, HT threads=1)
00000000000i[      ]   A20 line support: yes
00000000000i[      ] IPS is set to 4000000
00000000000i[      ] CPU configuration
00000000000i[      ]   SMP support: yes, quantum=16
00000000000i[      ]   level: 6
00000000000i[      ]   APIC support: xapic
00000000000i[      ]   FPU support: yes
00000000000i[      ]   MMX support: yes
00000000000i[      ]   3dnow! support: yes
00000000000i[      ]   SEP support: yes
00000000000i[      ]   SIMD support: sse2
00000000000i[      ]   XSAVE support: no 
00000000000i[      ]   AES support: no
00000000000i[      ]   SHA support: no
00000000000i[      ]   MOVBE support: no
00000000000i[      ]   ADX support: no
00000000000i[      ]   x86-64 support: yes
00000000000i[      ]   1G paging support: no
00000000000i[      ]   MWAIT support: yes
00000000000i[      ] Optimization configuration
00000000000i[      ]   RepeatSpeedups support: no
00000000000i[      ]   Fast function calls: no
00000000000i[      ]   Handlers Chaining speedups: no
00000000000i[      ] Devices configuration
00000000000i[      ]   PCI support: i440FX i430FX
00000000000i[      ]   Networking: no
00000000000i[      ]   Sound support: no
00000000000i[      ]   USB support: UHCI
00000000000i[      ]   VGA extension support: vbe
00000000000i[MEM0  ] allocated memory at 0x7f8cfd5bd010. after alignment, vector=0x7f8cfd5be000
00000000000i[MEM0  ] 32.00MB
00000000000i[MEM0  ] mem block size = 0x00020000, blocks=256
00000000000i[MEM0  ] rom at 0xfffe0000/131072 ('/usr/share/bochs/BIOS-bochs-latest')
00000000000i[CPU0  ] WARNING: 3DNow! is not implemented yet !
00000000000i[PLUGIN] init_dev of 'pci' plugin device by virtual method
00000000000i[DEV   ] i440FX PMC present at device 0, function 0
00000000000i[PLUGIN] init_dev of 'pci2isa' plugin device by virtual method
00000000000i[DEV   ] PIIX3 PCI-to-ISA bridge present at device 1, function 0
00000000000i[PLUGIN] init_dev of 'cmos' plugin device by virtual method
00000000000i[CMOS  ] Using local time for initial clock
00000000000i[CMOS  ] Setting initial clock to: Thu Apr 11 16:46:43 2019 (time0=1555001203)
00000000000i[PLUGIN] init_dev of 'dma' plugin device by virtual method
00000000000i[DMA   ] channel 4 used by cascade
00000000000i[PLUGIN] init_dev of 'pic' plugin device by virtual method
00000000000i[PLUGIN] init_dev of 'pit' plugin device by virtual method
00000000000i[PLUGIN] init_dev of 'vga' plugin device by virtual method
00000000000i[MEM0  ] Register memory access handlers: 0x0000000a0000 - 0x0000000bffff
00000000000i[VGA   ] interval=27027, mode=realtime
00000000000i[MEM0  ] Register memory access handlers: 0x0000e0000000 - 0x0000e0ffffff
00000000000i[BXVGA ] VBE Bochs Display Extension Enabled
00000000000i[XGUI  ] test_alloc_colors: 16 colors available out of 16 colors tried
00000000000i[XGUI  ] font 8 wide x 16 high, display depth = 24
00000000000i[MEM0  ] rom at 0xc0000/41472 ('/usr/share/bochs/VGABIOS-lgpl-latest')
00000000000i[PLUGIN] init_dev of 'floppy' plugin device by virtual method
00000000000i[DMA   ] channel 2 used by Floppy Drive
00000000000i[FLOPPY] fd0: 'floppya.img' ro=0, h=2,t=80,spt=18
00000000000i[FLOPPY] Using boot sequence floppy, none, none
00000000000i[FLOPPY] Floppy boot signature check is enabled
00000000000i[PLUGIN] init_dev of 'acpi' plugin device by virtual method
00000000000i[DEV   ] ACPI Controller present at device 1, function 3
00000000000i[PLUGIN] init_dev of 'ioapic' plugin device by virtual method
00000000000i[IOAPIC] initializing I/O APIC
00000000000i[MEM0  ] Register memory access handlers: 0x0000fec00000 - 0x0000fec00fff
00000000000i[IOAPIC] IOAPIC enabled (base address = 0xfec00000)
00000000000i[PLUGIN] init_dev of 'keyboard' plugin device by virtual method
00000000000i[KBD   ] will paste characters every 400 keyboard ticks
00000000000i[PLUGIN] init_dev of 'harddrv' plugin device by virtual method
00000000000i[PLUGIN] init_dev of 'pci_ide' plugin device by virtual method
00000000000i[DEV   ] PIIX3 PCI IDE controller present at device 1, function 1
00000000000i[PLUGIN] init_dev of 'unmapped' plugin device by virtual method
00000000000i[PLUGIN] init_dev of 'biosdev' plugin device by virtual method
00000000000i[PLUGIN] init_dev of 'speaker' plugin device by virtual method
00000000000i[PCSPK ] Using /dev/console for output
00000000000i[PLUGIN] init_dev of 'extfpuirq' plugin device by virtual method
00000000000i[PLUGIN] init_dev of 'parallel' plugin device by virtual method
00000000000i[PAR   ] parallel port 1 at 0x0378 irq 7
00000000000i[PLUGIN] init_dev of 'serial' plugin device by virtual method
00000000000i[SER   ] com1 at 0x03f8 irq 4 (mode: null)
00000000000i[PLUGIN] init_dev of 'iodebug' plugin device by virtual method
00000000000i[PLUGIN] init_dev of 'usb_uhci' plugin device by virtual method
00000000000i[DEV   ] USB UHCI present at device 1, function 2
00000000000i[UHCI  ] USB UHCI initialized
00000000000i[PLUGIN] register state of 'pci' plugin device by virtual method
00000000000i[PLUGIN] register state of 'pci2isa' plugin device by virtual method
00000000000i[PLUGIN] register state of 'cmos' plugin device by virtual method
00000000000i[PLUGIN] register state of 'dma' plugin device by virtual method
00000000000i[PLUGIN] register state of 'pic' plugin device by virtual method
00000000000i[PLUGIN] register state of 'pit' plugin device by virtual method
00000000000i[PLUGIN] register state of 'vga' plugin device by virtual method
00000000000i[PLUGIN] register state of 'floppy' plugin device by virtual method
00000000000i[PLUGIN] register state of 'unmapped' plugin device by virtual method
00000000000i[PLUGIN] register state of 'biosdev' plugin device by virtual method
00000000000i[PLUGIN] register state of 'speaker' plugin device by virtual method
00000000000i[PLUGIN] register state of 'extfpuirq' plugin device by virtual method
00000000000i[PLUGIN] register state of 'parallel' plugin device by virtual method
00000000000i[PLUGIN] register state of 'serial' plugin device by virtual method
00000000000i[PLUGIN] register state of 'iodebug' plugin device by virtual method
00000000000i[PLUGIN] register state of 'usb_uhci' plugin device by virtual method
00000000000i[PLUGIN] register state of 'acpi' plugin device by virtual method
00000000000i[PLUGIN] register state of 'ioapic' plugin device by virtual method
00000000000i[PLUGIN] register state of 'keyboard' plugin device by virtual method
00000000000i[PLUGIN] register state of 'harddrv' plugin device by virtual method
00000000000i[PLUGIN] register state of 'pci_ide' plugin device by virtual method
00000000000i[SYS   ] bx_pc_system_c::Reset(HARDWARE) called
00000000000i[CPU0  ] cpu hardware reset
00000000000i[APIC0 ] allocate APIC id=0 (MMIO enabled) to 0x0000fee00000
00000000000i[CPU0  ] CPU[0] is the bootstrap processor
00000000000i[CPU0  ] CPUID[0x00000000]: 00000005 68747541 444d4163 69746e65
00000000000i[CPU0  ] CPUID[0x00000001]: 00000633 00010800 00002008 17cbfbff
00000000000i[CPU0  ] CPUID[0x00000002]: 00000000 00000000 00000000 00000000
00000000000i[CPU0  ] CPUID[0x00000003]: 00000000 00000000 00000000 00000000
00000000000i[CPU0  ] CPUID[0x00000004]: 00000000 00000000 00000000 00000000
00000000000i[CPU0  ] CPUID[0x00000005]: 00000040 00000040 00000003 00000020
00000000000i[CPU0  ] CPUID[0x80000000]: 80000008 68747541 444d4163 69746e65
00000000000i[CPU0  ] CPUID[0x80000001]: 00000633 00000000 00000101 ebd3f3ff
00000000000i[CPU0  ] CPUID[0x80000002]: 20444d41 6c687441 74286e6f 7020296d
00000000000i[CPU0  ] CPUID[0x80000003]: 65636f72 726f7373 00000000 00000000
00000000000i[CPU0  ] CPUID[0x80000004]: 00000000 00000000 00000000 00000000
00000000000i[CPU0  ] CPUID[0x80000005]: 01ff01ff 01ff01ff 40020140 40020140
00000000000i[CPU0  ] CPUID[0x80000006]: 00000000 42004200 02008140 00000000
00000000000i[CPU0  ] CPUID[0x80000007]: 00000000 00000000 00000000 00000000
00000000000i[CPU0  ] CPUID[0x80000008]: 00003028 00000000 00000000 00000000
00000000000i[PLUGIN] reset of 'pci' plugin device by virtual method
00000000000i[PLUGIN] reset of 'pci2isa' plugin device by virtual method
00000000000i[PLUGIN] reset of 'cmos' plugin device by virtual method
00000000000i[PLUGIN] reset of 'dma' plugin device by virtual method
00000000000i[PLUGIN] reset of 'pic' plugin device by virtual method
00000000000i[PLUGIN] reset of 'pit' plugin device by virtual method
00000000000i[PLUGIN] reset of 'vga' plugin device by virtual method
00000000000i[PLUGIN] reset of 'floppy' plugin device by virtual method
00000000000i[PLUGIN] reset of 'acpi' plugin device by virtual method
00000000000i[PLUGIN] reset of 'ioapic' plugin device by virtual method
00000000000i[PLUGIN] reset of 'keyboard' plugin device by virtual method
00000000000i[PLUGIN] reset of 'harddrv' plugin device by virtual method
00000000000i[PLUGIN] reset of 'pci_ide' plugin device by virtual method
00000000000i[PLUGIN] reset of 'unmapped' plugin device by virtual method
00000000000i[PLUGIN] reset of 'biosdev' plugin device by virtual method
00000000000i[PLUGIN] reset of 'speaker' plugin device by virtual method
00000000000i[PLUGIN] reset of 'extfpuirq' plugin device by virtual method
00000000000i[PLUGIN] reset of 'parallel' plugin device by virtual method
00000000000i[PLUGIN] reset of 'serial' plugin device by virtual method
00000000000i[PLUGIN] reset of 'iodebug' plugin device by virtual method
00000000000i[PLUGIN] reset of 'usb_uhci' plugin device by virtual method
00000000000i[XGUI  ] charmap update. Font is 9 x 16
00000004662i[BIOS  ] $Revision: 13073 $ $Date: 2017-02-16 22:43:52 +0100 (Do, 16. Feb 2017) $
00000318050i[KBD   ] reset-disable command received
00000320819i[BIOS  ] Starting rombios32
00000321257i[BIOS  ] Shutdown flag 0
00000321840i[BIOS  ] ram_size=0x02000000
00000322261i[BIOS  ] ram_end=32MB
00000362829i[BIOS  ] Found 1 cpu(s)
00000376413i[BIOS  ] bios_table_addr: 0x000f9cd8 end=0x000fcc00
00000704208i[PCI   ] i440FX PMC write to PAM register 59 (TLB Flush)
00001032137i[P2ISA ] PCI IRQ routing: PIRQA# set to 0x0b
00001032156i[P2ISA ] PCI IRQ routing: PIRQB# set to 0x09
00001032175i[P2ISA ] PCI IRQ routing: PIRQC# set to 0x0b
00001032194i[P2ISA ] PCI IRQ routing: PIRQD# set to 0x09
00001032204i[P2ISA ] write: ELCR2 = 0x0a
00001032974i[BIOS  ] PIIX3/PIIX4 init: elcr=00 0a
00001040697i[BIOS  ] PCI: bus=0 devfn=0x00: vendor_id=0x8086 device_id=0x1237 class=0x0600
00001042976i[BIOS  ] PCI: bus=0 devfn=0x08: vendor_id=0x8086 device_id=0x7000 class=0x0601
00001045094i[BIOS  ] PCI: bus=0 devfn=0x09: vendor_id=0x8086 device_id=0x7010 class=0x0101
00001045323i[PIDE  ] new BM-DMA address: 0xc000
00001045939i[BIOS  ] region 4: 0x0000c000
00001047953i[BIOS  ] PCI: bus=0 devfn=0x0a: vendor_id=0x8086 device_id=0x7020 class=0x0c03
00001048157i[UHCI  ] new base address: 0xc020
00001048773i[BIOS  ] region 4: 0x0000c020
00001048901i[UHCI  ] new irq line = 9
00001050796i[BIOS  ] PCI: bus=0 devfn=0x0b: vendor_id=0x8086 device_id=0x7113 class=0x0680
00001051028i[ACPI  ] new irq line = 11
00001051040i[ACPI  ] new irq line = 9
00001051065i[ACPI  ] new PM base address: 0xb000
00001051079i[ACPI  ] new SM base address: 0xb100
00001051107i[PCI   ] setting SMRAM control register to 0x4a
00001215200i[CPU0  ] Enter to System Management Mode
00001215210i[CPU0  ] RSM: Resuming from System Management Mode
00001379231i[PCI   ] setting SMRAM control register to 0x0a
00001394138i[BIOS  ] MP table addr=0x000f9db0 MPC table addr=0x000f9ce0 size=0xc8
00001395960i[BIOS  ] SMBIOS table addr=0x000f9dc0
00001398141i[BIOS  ] ACPI tables: RSDP addr=0x000f9ee0 ACPI DATA addr=0x01ff0000 size=0xf72
00001401353i[BIOS  ] Firmware waking vector 0x1ff00cc
00001403148i[PCI   ] i440FX PMC write to PAM register 59 (TLB Flush)
00001403871i[BIOS  ] bios_table_cur_addr: 0x000f9f04
00001531488i[VBIOS ] VGABios $Id: vgabios.c,v 1.76 2013/02/10 08:07:03 vruppert Exp $
00001531559i[BXVGA ] VBE known Display Interface b0c0
00001531591i[BXVGA ] VBE known Display Interface b0c5
00001534516i[VBIOS ] VBE Bios $Id: vbe.c,v 1.65 2014/07/08 18:02:25 vruppert Exp $
00002002436i[XGUI  ] charmap update. Font is 9 x 16
00014040189i[BIOS  ] Booting from 0000:7c00
00275188000i[XGUI  ] system RESET callback
00275188000i[SYS   ] bx_pc_system_c::Reset(HARDWARE) called
00275188000i[CPU0  ] cpu hardware reset
00275188000i[APIC0 ] allocate APIC id=0 (MMIO enabled) to 0x0000fee00000
00275188000i[CPU0  ] CPU[0] is the bootstrap processor
00275188000i[CPU0  ] CPUID[0x00000000]: 00000005 68747541 444d4163 69746e65
00275188000i[CPU0  ] CPUID[0x00000001]: 00000633 00010800 00002008 17cbfbff
00275188000i[CPU0  ] CPUID[0x00000002]: 00000000 00000000 00000000 00000000
00275188000i[CPU0  ] CPUID[0x00000003]: 00000000 00000000 00000000 00000000
00275188000i[CPU0  ] CPUID[0x00000004]: 00000000 00000000 00000000 00000000
00275188000i[CPU0  ] CPUID[0x00000005]: 00000040 00000040 00000003 00000020
00275188000i[CPU0  ] CPUID[0x80000000]: 80000008 68747541 444d4163 69746e65
00275188000i[CPU0  ] CPUID[0x80000001]: 00000633 00000000 00000101 ebd3f3ff
00275188000i[CPU0  ] CPUID[0x80000002]: 20444d41 6c687441 74286e6f 7020296d
00275188000i[CPU0  ] CPUID[0x80000003]: 65636f72 726f7373 00000000 00000000
00275188000i[CPU0  ] CPUID[0x80000004]: 00000000 00000000 00000000 00000000
00275188000i[CPU0  ] CPUID[0x80000005]: 01ff01ff 01ff01ff 40020140 40020140
00275188000i[CPU0  ] CPUID[0x80000006]: 00000000 42004200 02008140 00000000
00275188000i[CPU0  ] CPUID[0x80000007]: 00000000 00000000 00000000 00000000
00275188000i[CPU0  ] CPUID[0x80000008]: 00003028 00000000 00000000 00000000
00275188000i[PLUGIN] reset of 'pci' plugin device by virtual method
00275188000i[PLUGIN] reset of 'pci2isa' plugin device by virtual method
00275188000i[PLUGIN] reset of 'cmos' plugin device by virtual method
00275188000i[PLUGIN] reset of 'dma' plugin device by virtual method
00275188000i[PLUGIN] reset of 'pic' plugin device by virtual method
00275188000i[PLUGIN] reset of 'pit' plugin device by virtual method
00275188000i[PLUGIN] reset of 'vga' plugin device by virtual method
00275188000i[PLUGIN] reset of 'floppy' plugin device by virtual method
00275188000i[PLUGIN] reset of 'acpi' plugin device by virtual method
00275188000i[PLUGIN] reset of 'ioapic' plugin device by virtual method
00275188000i[PLUGIN] reset of 'keyboard' plugin device by virtual method
00275188000i[PLUGIN] reset of 'harddrv' plugin device by virtual method
00275188000i[PLUGIN] reset of 'pci_ide' plugin device by virtual method
00275188000i[PLUGIN] reset of 'unmapped' plugin device by virtual method
00275188000i[PLUGIN] reset of 'biosdev' plugin device by virtual method
00275188000i[PLUGIN] reset of 'speaker' plugin device by virtual method
00275188000i[PLUGIN] reset of 'extfpuirq' plugin device by virtual method
00275188000i[PLUGIN] reset of 'parallel' plugin device by virtual method
00275188000i[PLUGIN] reset of 'serial' plugin device by virtual method
00275188000i[PLUGIN] reset of 'iodebug' plugin device by virtual method
00275188000i[PLUGIN] reset of 'usb_uhci' plugin device by virtual method
00275192662i[BIOS  ] $Revision: 13073 $ $Date: 2017-02-16 22:43:52 +0100 (Do, 16. Feb 2017) $
00275506050i[KBD   ] reset-disable command received
00275508819i[BIOS  ] Starting rombios32
00275509257i[BIOS  ] Shutdown flag 0
00275509840i[BIOS  ] ram_size=0x02000000
00275510261i[BIOS  ] ram_end=32MB
00275550789i[BIOS  ] Found 1 cpu(s)
00275564373i[BIOS  ] bios_table_addr: 0x000f9cd8 end=0x000fcc00
00275892168i[PCI   ] i440FX PMC write to PAM register 59 (TLB Flush)
00276220097i[P2ISA ] PCI IRQ routing: PIRQA# set to 0x0b
00276220116i[P2ISA ] PCI IRQ routing: PIRQB# set to 0x09
00276220135i[P2ISA ] PCI IRQ routing: PIRQC# set to 0x0b
00276220154i[P2ISA ] PCI IRQ routing: PIRQD# set to 0x09
00276220164i[P2ISA ] write: ELCR2 = 0x0a
00276220934i[BIOS  ] PIIX3/PIIX4 init: elcr=00 0a
00276228657i[BIOS  ] PCI: bus=0 devfn=0x00: vendor_id=0x8086 device_id=0x1237 class=0x0600
00276230936i[BIOS  ] PCI: bus=0 devfn=0x08: vendor_id=0x8086 device_id=0x7000 class=0x0601
00276233054i[BIOS  ] PCI: bus=0 devfn=0x09: vendor_id=0x8086 device_id=0x7010 class=0x0101
00276233899i[BIOS  ] region 4: 0x0000c000
00276235913i[BIOS  ] PCI: bus=0 devfn=0x0a: vendor_id=0x8086 device_id=0x7020 class=0x0c03
00276236733i[BIOS  ] region 4: 0x0000c020
00276236861i[UHCI  ] new irq line = 9
00276238756i[BIOS  ] PCI: bus=0 devfn=0x0b: vendor_id=0x8086 device_id=0x7113 class=0x0680
00276238988i[ACPI  ] new irq line = 11
00276239000i[ACPI  ] new irq line = 9
00276239067i[PCI   ] setting SMRAM control register to 0x4a
00276403160i[CPU0  ] Enter to System Management Mode
00276403170i[CPU0  ] RSM: Resuming from System Management Mode
00276567191i[PCI   ] setting SMRAM control register to 0x0a
00276582098i[BIOS  ] MP table addr=0x000f9db0 MPC table addr=0x000f9ce0 size=0xc8
00276583920i[BIOS  ] SMBIOS table addr=0x000f9dc0
00276586101i[BIOS  ] ACPI tables: RSDP addr=0x000f9ee0 ACPI DATA addr=0x01ff0000 size=0xf72
00276589313i[BIOS  ] Firmware waking vector 0x1ff00cc
00276591108i[PCI   ] i440FX PMC write to PAM register 59 (TLB Flush)
00276591831i[BIOS  ] bios_table_cur_addr: 0x000f9f04
00276719448i[VBIOS ] VGABios $Id: vgabios.c,v 1.76 2013/02/10 08:07:03 vruppert Exp $
00276719519i[BXVGA ] VBE known Display Interface b0c0
00276719551i[BXVGA ] VBE known Display Interface b0c5
00276722476i[VBIOS ] VBE Bios $Id: vbe.c,v 1.65 2014/07/08 18:02:25 vruppert Exp $
00277106892i[XGUI  ] charmap update. Font is 9 x 16
00289228189i[BIOS  ] Booting from 0000:7c00
00436932000i[XGUI  ] system RESET callback
00436932000i[SYS   ] bx_pc_system_c::Reset(HARDWARE) called
00436932000i[CPU0  ] cpu hardware reset
00436932000i[APIC0 ] allocate APIC id=0 (MMIO enabled) to 0x0000fee00000
00436932000i[CPU0  ] CPU[0] is the bootstrap processor
00436932000i[CPU0  ] CPUID[0x00000000]: 00000005 68747541 444d4163 69746e65
00436932000i[CPU0  ] CPUID[0x00000001]: 00000633 00010800 00002008 17cbfbff
00436932000i[CPU0  ] CPUID[0x00000002]: 00000000 00000000 00000000 00000000
00436932000i[CPU0  ] CPUID[0x00000003]: 00000000 00000000 00000000 00000000
00436932000i[CPU0  ] CPUID[0x00000004]: 00000000 00000000 00000000 00000000
00436932000i[CPU0  ] CPUID[0x00000005]: 00000040 00000040 00000003 00000020
00436932000i[CPU0  ] CPUID[0x80000000]: 80000008 68747541 444d4163 69746e65
00436932000i[CPU0  ] CPUID[0x80000001]: 00000633 00000000 00000101 ebd3f3ff
00436932000i[CPU0  ] CPUID[0x80000002]: 20444d41 6c687441 74286e6f 7020296d
00436932000i[CPU0  ] CPUID[0x80000003]: 65636f72 726f7373 00000000 00000000
00436932000i[CPU0  ] CPUID[0x80000004]: 00000000 00000000 00000000 00000000
00436932000i[CPU0  ] CPUID[0x80000005]: 01ff01ff 01ff01ff 40020140 40020140
00436932000i[CPU0  ] CPUID[0x80000006]: 00000000 42004200 02008140 00000000
00436932000i[CPU0  ] CPUID[0x80000007]: 00000000 00000000 00000000 00000000
00436932000i[CPU0  ] CPUID[0x80000008]: 00003028 00000000 00000000 00000000
00436932000i[PLUGIN] reset of 'pci' plugin device by virtual method
00436932000i[PLUGIN] reset of 'pci2isa' plugin device by virtual method
00436932000i[PLUGIN] reset of 'cmos' plugin device by virtual method
00436932000i[PLUGIN] reset of 'dma' plugin device by virtual method
00436932000i[PLUGIN] reset of 'pic' plugin device by virtual method
00436932000i[PLUGIN] reset of 'pit' plugin device by virtual method
00436932000i[PLUGIN] reset of 'vga' plugin device by virtual method
00436932000i[PLUGIN] reset of 'floppy' plugin device by virtual method
00436932000i[PLUGIN] reset of 'acpi' plugin device by virtual method
00436932000i[PLUGIN] reset of 'ioapic' plugin device by virtual method
00436932000i[PLUGIN] reset of 'keyboard' plugin device by virtual method
00436932000i[PLUGIN] reset of 'harddrv' plugin device by virtual method
00436932000i[PLUGIN] reset of 'pci_ide' plugin device by virtual method
00436932000i[PLUGIN] reset of 'unmapped' plugin device by virtual method
00436932000i[PLUGIN] reset of 'biosdev' plugin device by virtual method
00436932000i[PLUGIN] reset of 'speaker' plugin device by virtual method
00436932000i[PLUGIN] reset of 'extfpuirq' plugin device by virtual method
00436932000i[PLUGIN] reset of 'parallel' plugin device by virtual method
00436932000i[PLUGIN] reset of 'serial' plugin device by virtual method
00436932000i[PLUGIN] reset of 'iodebug' plugin device by virtual method
00436932000i[PLUGIN] reset of 'usb_uhci' plugin device by virtual method
00436936662i[BIOS  ] $Revision: 13073 $ $Date: 2017-02-16 22:43:52 +0100 (Do, 16. Feb 2017) $
00437250050i[KBD   ] reset-disable command received
00437252819i[BIOS  ] Starting rombios32
00437253257i[BIOS  ] Shutdown flag 0
00437253840i[BIOS  ] ram_size=0x02000000
00437254261i[BIOS  ] ram_end=32MB
00437294829i[BIOS  ] Found 1 cpu(s)
00437308413i[BIOS  ] bios_table_addr: 0x000f9cd8 end=0x000fcc00
00437636208i[PCI   ] i440FX PMC write to PAM register 59 (TLB Flush)
00437964137i[P2ISA ] PCI IRQ routing: PIRQA# set to 0x0b
00437964156i[P2ISA ] PCI IRQ routing: PIRQB# set to 0x09
00437964175i[P2ISA ] PCI IRQ routing: PIRQC# set to 0x0b
00437964194i[P2ISA ] PCI IRQ routing: PIRQD# set to 0x09
00437964204i[P2ISA ] write: ELCR2 = 0x0a
00437964974i[BIOS  ] PIIX3/PIIX4 init: elcr=00 0a
00437972697i[BIOS  ] PCI: bus=0 devfn=0x00: vendor_id=0x8086 device_id=0x1237 class=0x0600
00437974976i[BIOS  ] PCI: bus=0 devfn=0x08: vendor_id=0x8086 device_id=0x7000 class=0x0601
00437977094i[BIOS  ] PCI: bus=0 devfn=0x09: vendor_id=0x8086 device_id=0x7010 class=0x0101
00437977939i[BIOS  ] region 4: 0x0000c000
00437979953i[BIOS  ] PCI: bus=0 devfn=0x0a: vendor_id=0x8086 device_id=0x7020 class=0x0c03
00437980773i[BIOS  ] region 4: 0x0000c020
00437980901i[UHCI  ] new irq line = 9
00437982796i[BIOS  ] PCI: bus=0 devfn=0x0b: vendor_id=0x8086 device_id=0x7113 class=0x0680
00437983028i[ACPI  ] new irq line = 11
00437983040i[ACPI  ] new irq line = 9
00437983107i[PCI   ] setting SMRAM control register to 0x4a
00438147200i[CPU0  ] Enter to System Management Mode
00438147210i[CPU0  ] RSM: Resuming from System Management Mode
00438311231i[PCI   ] setting SMRAM control register to 0x0a
00438326138i[BIOS  ] MP table addr=0x000f9db0 MPC table addr=0x000f9ce0 size=0xc8
00438327960i[BIOS  ] SMBIOS table addr=0x000f9dc0
00438330141i[BIOS  ] ACPI tables: RSDP addr=0x000f9ee0 ACPI DATA addr=0x01ff0000 size=0xf72
00438333353i[BIOS  ] Firmware waking vector 0x1ff00cc
00438335148i[PCI   ] i440FX PMC write to PAM register 59 (TLB Flush)
00438335871i[BIOS  ] bios_table_cur_addr: 0x000f9f04
00438463488i[VBIOS ] VGABios $Id: vgabios.c,v 1.76 2013/02/10 08:07:03 vruppert Exp $
00438463559i[BXVGA ] VBE known Display Interface b0c0
00438463591i[BXVGA ] VBE known Display Interface b0c5
00438466516i[VBIOS ] VBE Bios $Id: vbe.c,v 1.65 2014/07/08 18:02:25 vruppert Exp $
00439106084i[XGUI  ] charmap update. Font is 9 x 16
00450972189i[BIOS  ] Booting from 0000:7c00
00963628000i[XGUI  ] system RESET callback
00963628000i[SYS   ] bx_pc_system_c::Reset(HARDWARE) called
00963628000i[CPU0  ] cpu hardware reset
00963628000i[APIC0 ] allocate APIC id=0 (MMIO enabled) to 0x0000fee00000
00963628000i[CPU0  ] CPU[0] is the bootstrap processor
00963628000i[CPU0  ] CPUID[0x00000000]: 00000005 68747541 444d4163 69746e65
00963628000i[CPU0  ] CPUID[0x00000001]: 00000633 00010800 00002008 17cbfbff
00963628000i[CPU0  ] CPUID[0x00000002]: 00000000 00000000 00000000 00000000
00963628000i[CPU0  ] CPUID[0x00000003]: 00000000 00000000 00000000 00000000
00963628000i[CPU0  ] CPUID[0x00000004]: 00000000 00000000 00000000 00000000
00963628000i[CPU0  ] CPUID[0x00000005]: 00000040 00000040 00000003 00000020
00963628000i[CPU0  ] CPUID[0x80000000]: 80000008 68747541 444d4163 69746e65
00963628000i[CPU0  ] CPUID[0x80000001]: 00000633 00000000 00000101 ebd3f3ff
00963628000i[CPU0  ] CPUID[0x80000002]: 20444d41 6c687441 74286e6f 7020296d
00963628000i[CPU0  ] CPUID[0x80000003]: 65636f72 726f7373 00000000 00000000
00963628000i[CPU0  ] CPUID[0x80000004]: 00000000 00000000 00000000 00000000
00963628000i[CPU0  ] CPUID[0x80000005]: 01ff01ff 01ff01ff 40020140 40020140
00963628000i[CPU0  ] CPUID[0x80000006]: 00000000 42004200 02008140 00000000
00963628000i[CPU0  ] CPUID[0x80000007]: 00000000 00000000 00000000 00000000
00963628000i[CPU0  ] CPUID[0x80000008]: 00003028 00000000 00000000 00000000
00963628000i[PLUGIN] reset of 'pci' plugin device by virtual method
00963628000i[PLUGIN] reset of 'pci2isa' plugin device by virtual method
00963628000i[PLUGIN] reset of 'cmos' plugin device by virtual method
00963628000i[PLUGIN] reset of 'dma' plugin device by virtual method
00963628000i[PLUGIN] reset of 'pic' plugin device by virtual method
00963628000i[PLUGIN] reset of 'pit' plugin device by virtual method
00963628000i[PLUGIN] reset of 'vga' plugin device by virtual method
00963628000i[PLUGIN] reset of 'floppy' plugin device by virtual method
00963628000i[PLUGIN] reset of 'acpi' plugin device by virtual method
00963628000i[PLUGIN] reset of 'ioapic' plugin device by virtual method
00963628000i[PLUGIN] reset of 'keyboard' plugin device by virtual method
00963628000i[PLUGIN] reset of 'harddrv' plugin device by virtual method
00963628000i[PLUGIN] reset of 'pci_ide' plugin device by virtual method
00963628000i[PLUGIN] reset of 'unmapped' plugin device by virtual method
00963628000i[PLUGIN] reset of 'biosdev' plugin device by virtual method
00963628000i[PLUGIN] reset of 'speaker' plugin device by virtual method
00963628000i[PLUGIN] reset of 'extfpuirq' plugin device by virtual method
00963628000i[PLUGIN] reset of 'parallel' plugin device by virtual method
00963628000i[PLUGIN] reset of 'serial' plugin device by virtual method
00963628000i[PLUGIN] reset of 'iodebug' plugin device by virtual method
00963628000i[PLUGIN] reset of 'usb_uhci' plugin device by virtual method
00963632662i[BIOS  ] $Revision: 13073 $ $Date: 2017-02-16 22:43:52 +0100 (Do, 16. Feb 2017) $
00963946050i[KBD   ] reset-disable command received
00963948819i[BIOS  ] Starting rombios32
00963949257i[BIOS  ] Shutdown flag 0
00963949840i[BIOS  ] ram_size=0x02000000
00963950261i[BIOS  ] ram_end=32MB
00963990789i[BIOS  ] Found 1 cpu(s)
00964004373i[BIOS  ] bios_table_addr: 0x000f9cd8 end=0x000fcc00
00964332168i[PCI   ] i440FX PMC write to PAM register 59 (TLB Flush)
00964660097i[P2ISA ] PCI IRQ routing: PIRQA# set to 0x0b
00964660116i[P2ISA ] PCI IRQ routing: PIRQB# set to 0x09
00964660135i[P2ISA ] PCI IRQ routing: PIRQC# set to 0x0b
00964660154i[P2ISA ] PCI IRQ routing: PIRQD# set to 0x09
00964660164i[P2ISA ] write: ELCR2 = 0x0a
00964660934i[BIOS  ] PIIX3/PIIX4 init: elcr=00 0a
00964668657i[BIOS  ] PCI: bus=0 devfn=0x00: vendor_id=0x8086 device_id=0x1237 class=0x0600
00964670936i[BIOS  ] PCI: bus=0 devfn=0x08: vendor_id=0x8086 device_id=0x7000 class=0x0601
00964673054i[BIOS  ] PCI: bus=0 devfn=0x09: vendor_id=0x8086 device_id=0x7010 class=0x0101
00964673899i[BIOS  ] region 4: 0x0000c000
00964675913i[BIOS  ] PCI: bus=0 devfn=0x0a: vendor_id=0x8086 device_id=0x7020 class=0x0c03
00964676733i[BIOS  ] region 4: 0x0000c020
00964676861i[UHCI  ] new irq line = 9
00964678756i[BIOS  ] PCI: bus=0 devfn=0x0b: vendor_id=0x8086 device_id=0x7113 class=0x0680
00964678988i[ACPI  ] new irq line = 11
00964679000i[ACPI  ] new irq line = 9
00964679067i[PCI   ] setting SMRAM control register to 0x4a
00964843160i[CPU0  ] Enter to System Management Mode
00964843170i[CPU0  ] RSM: Resuming from System Management Mode
00965007191i[PCI   ] setting SMRAM control register to 0x0a
00965022098i[BIOS  ] MP table addr=0x000f9db0 MPC table addr=0x000f9ce0 size=0xc8
00965023920i[BIOS  ] SMBIOS table addr=0x000f9dc0
00965026101i[BIOS  ] ACPI tables: RSDP addr=0x000f9ee0 ACPI DATA addr=0x01ff0000 size=0xf72
00965029313i[BIOS  ] Firmware waking vector 0x1ff00cc
00965031108i[PCI   ] i440FX PMC write to PAM register 59 (TLB Flush)
00965031831i[BIOS  ] bios_table_cur_addr: 0x000f9f04
00965159448i[VBIOS ] VGABios $Id: vgabios.c,v 1.76 2013/02/10 08:07:03 vruppert Exp $
00965159519i[BXVGA ] VBE known Display Interface b0c0
00965159551i[BXVGA ] VBE known Display Interface b0c5
00965162476i[VBIOS ] VBE Bios $Id: vbe.c,v 1.65 2014/07/08 18:02:25 vruppert Exp $
00966255408i[XGUI  ] charmap update. Font is 9 x 16
00977668189i[BIOS  ] Booting from 0000:7c00
01347876000i[XGUI  ] system RESET callback
01347876000i[SYS   ] bx_pc_system_c::Reset(HARDWARE) called
01347876000i[CPU0  ] cpu hardware reset
01347876000i[APIC0 ] allocate APIC id=0 (MMIO enabled) to 0x0000fee00000
01347876000i[CPU0  ] CPU[0] is the bootstrap processor
01347876000i[CPU0  ] CPUID[0x00000000]: 00000005 68747541 444d4163 69746e65
01347876000i[CPU0  ] CPUID[0x00000001]: 00000633 00010800 00002008 17cbfbff
01347876000i[CPU0  ] CPUID[0x00000002]: 00000000 00000000 00000000 00000000
01347876000i[CPU0  ] CPUID[0x00000003]: 00000000 00000000 00000000 00000000
01347876000i[CPU0  ] CPUID[0x00000004]: 00000000 00000000 00000000 00000000
01347876000i[CPU0  ] CPUID[0x00000005]: 00000040 00000040 00000003 00000020
01347876000i[CPU0  ] CPUID[0x80000000]: 80000008 68747541 444d4163 69746e65
01347876000i[CPU0  ] CPUID[0x80000001]: 00000633 00000000 00000101 ebd3f3ff
01347876000i[CPU0  ] CPUID[0x80000002]: 20444d41 6c687441 74286e6f 7020296d
01347876000i[CPU0  ] CPUID[0x80000003]: 65636f72 726f7373 00000000 00000000
01347876000i[CPU0  ] CPUID[0x80000004]: 00000000 00000000 00000000 00000000
01347876000i[CPU0  ] CPUID[0x80000005]: 01ff01ff 01ff01ff 40020140 40020140
01347876000i[CPU0  ] CPUID[0x80000006]: 00000000 42004200 02008140 00000000
01347876000i[CPU0  ] CPUID[0x80000007]: 00000000 00000000 00000000 00000000
01347876000i[CPU0  ] CPUID[0x80000008]: 00003028 00000000 00000000 00000000
01347876000i[PLUGIN] reset of 'pci' plugin device by virtual method
01347876000i[PLUGIN] reset of 'pci2isa' plugin device by virtual method
01347876000i[PLUGIN] reset of 'cmos' plugin device by virtual method
01347876000i[PLUGIN] reset of 'dma' plugin device by virtual method
01347876000i[PLUGIN] reset of 'pic' plugin device by virtual method
01347876000i[PLUGIN] reset of 'pit' plugin device by virtual method
01347876000i[PLUGIN] reset of 'vga' plugin device by virtual method
01347876000i[PLUGIN] reset of 'floppy' plugin device by virtual method
01347876000i[PLUGIN] reset of 'acpi' plugin device by virtual method
01347876000i[PLUGIN] reset of 'ioapic' plugin device by virtual method
01347876000i[PLUGIN] reset of 'keyboard' plugin device by virtual method
01347876000i[PLUGIN] reset of 'harddrv' plugin device by virtual method
01347876000i[PLUGIN] reset of 'pci_ide' plugin device by virtual method
01347876000i[PLUGIN] reset of 'unmapped' plugin device by virtual method
01347876000i[PLUGIN] reset of 'biosdev' plugin device by virtual method
01347876000i[PLUGIN] reset of 'speaker' plugin device by virtual method
01347876000i[PLUGIN] reset of 'extfpuirq' plugin device by virtual method
01347876000i[PLUGIN] reset of 'parallel' plugin device by virtual method
01347876000i[PLUGIN] reset of 'serial' plugin device by virtual method
01347876000i[PLUGIN] reset of 'iodebug' plugin device by virtual method
01347876000i[PLUGIN] reset of 'usb_uhci' plugin device by virtual method
01347880662i[BIOS  ] $Revision: 13073 $ $Date: 2017-02-16 22:43:52 +0100 (Do, 16. Feb 2017) $
01348194050i[KBD   ] reset-disable command received
01348196819i[BIOS  ] Starting rombios32
01348197257i[BIOS  ] Shutdown flag 0
01348197840i[BIOS  ] ram_size=0x02000000
01348198261i[BIOS  ] ram_end=32MB
01348238829i[BIOS  ] Found 1 cpu(s)
01348252413i[BIOS  ] bios_table_addr: 0x000f9cd8 end=0x000fcc00
01348580208i[PCI   ] i440FX PMC write to PAM register 59 (TLB Flush)
01348908137i[P2ISA ] PCI IRQ routing: PIRQA# set to 0x0b
01348908156i[P2ISA ] PCI IRQ routing: PIRQB# set to 0x09
01348908175i[P2ISA ] PCI IRQ routing: PIRQC# set to 0x0b
01348908194i[P2ISA ] PCI IRQ routing: PIRQD# set to 0x09
01348908204i[P2ISA ] write: ELCR2 = 0x0a
01348908974i[BIOS  ] PIIX3/PIIX4 init: elcr=00 0a
01348916697i[BIOS  ] PCI: bus=0 devfn=0x00: vendor_id=0x8086 device_id=0x1237 class=0x0600
01348918976i[BIOS  ] PCI: bus=0 devfn=0x08: vendor_id=0x8086 device_id=0x7000 class=0x0601
01348921094i[BIOS  ] PCI: bus=0 devfn=0x09: vendor_id=0x8086 device_id=0x7010 class=0x0101
01348921939i[BIOS  ] region 4: 0x0000c000
01348923953i[BIOS  ] PCI: bus=0 devfn=0x0a: vendor_id=0x8086 device_id=0x7020 class=0x0c03
01348924773i[BIOS  ] region 4: 0x0000c020
01348924901i[UHCI  ] new irq line = 9
01348926796i[BIOS  ] PCI: bus=0 devfn=0x0b: vendor_id=0x8086 device_id=0x7113 class=0x0680
01348927028i[ACPI  ] new irq line = 11
01348927040i[ACPI  ] new irq line = 9
01348927107i[PCI   ] setting SMRAM control register to 0x4a
01349091200i[CPU0  ] Enter to System Management Mode
01349091210i[CPU0  ] RSM: Resuming from System Management Mode
01349255231i[PCI   ] setting SMRAM control register to 0x0a
01349270138i[BIOS  ] MP table addr=0x000f9db0 MPC table addr=0x000f9ce0 size=0xc8
01349271960i[BIOS  ] SMBIOS table addr=0x000f9dc0
01349274141i[BIOS  ] ACPI tables: RSDP addr=0x000f9ee0 ACPI DATA addr=0x01ff0000 size=0xf72
01349277353i[BIOS  ] Firmware waking vector 0x1ff00cc
01349279148i[PCI   ] i440FX PMC write to PAM register 59 (TLB Flush)
01349279871i[BIOS  ] bios_table_cur_addr: 0x000f9f04
01349407488i[VBIOS ] VGABios $Id: vgabios.c,v 1.76 2013/02/10 08:07:03 vruppert Exp $
01349407559i[BXVGA ] VBE known Display Interface b0c0
01349407591i[BXVGA ] VBE known Display Interface b0c5
01349410516i[VBIOS ] VBE Bios $Id: vbe.c,v 1.65 2014/07/08 18:02:25 vruppert Exp $
01349875276i[XGUI  ] charmap update. Font is 9 x 16
01361916189i[BIOS  ] Booting from 0000:7c00
02482980000i[XGUI  ] system RESET callback
02482980000i[SYS   ] bx_pc_system_c::Reset(HARDWARE) called
02482980000i[CPU0  ] cpu hardware reset
02482980000i[APIC0 ] allocate APIC id=0 (MMIO enabled) to 0x0000fee00000
02482980000i[CPU0  ] CPU[0] is the bootstrap processor
02482980000i[CPU0  ] CPUID[0x00000000]: 00000005 68747541 444d4163 69746e65
02482980000i[CPU0  ] CPUID[0x00000001]: 00000633 00010800 00002008 17cbfbff
02482980000i[CPU0  ] CPUID[0x00000002]: 00000000 00000000 00000000 00000000
02482980000i[CPU0  ] CPUID[0x00000003]: 00000000 00000000 00000000 00000000
02482980000i[CPU0  ] CPUID[0x00000004]: 00000000 00000000 00000000 00000000
02482980000i[CPU0  ] CPUID[0x00000005]: 00000040 00000040 00000003 00000020
02482980000i[CPU0  ] CPUID[0x80000000]: 80000008 68747541 444d4163 69746e65
02482980000i[CPU0  ] CPUID[0x80000001]: 00000633 00000000 00000101 ebd3f3ff
02482980000i[CPU0  ] CPUID[0x80000002]: 20444d41 6c687441 74286e6f 7020296d
02482980000i[CPU0  ] CPUID[0x80000003]: 65636f72 726f7373 00000000 00000000
02482980000i[CPU0  ] CPUID[0x80000004]: 00000000 00000000 00000000 00000000
02482980000i[CPU0  ] CPUID[0x80000005]: 01ff01ff 01ff01ff 40020140 40020140
02482980000i[CPU0  ] CPUID[0x80000006]: 00000000 42004200 02008140 00000000
02482980000i[CPU0  ] CPUID[0x80000007]: 00000000 00000000 00000000 00000000
02482980000i[CPU0  ] CPUID[0x80000008]: 00003028 00000000 00000000 00000000
02482980000i[PLUGIN] reset of 'pci' plugin device by virtual method
02482980000i[PLUGIN] reset of 'pci2isa' plugin device by virtual method
02482980000i[PLUGIN] reset of 'cmos' plugin device by virtual method
02482980000i[PLUGIN] reset of 'dma' plugin device by virtual method
02482980000i[PLUGIN] reset of 'pic' plugin device by virtual method
02482980000i[PLUGIN] reset of 'pit' plugin device by virtual method
02482980000i[PLUGIN] reset of 'vga' plugin device by virtual method
02482980000i[PLUGIN] reset of 'floppy' plugin device by virtual method
02482980000i[PLUGIN] reset of 'acpi' plugin device by virtual method
02482980000i[PLUGIN] reset of 'ioapic' plugin device by virtual method
02482980000i[PLUGIN] reset of 'keyboard' plugin device by virtual method
02482980000i[PLUGIN] reset of 'harddrv' plugin device by virtual method
02482980000i[PLUGIN] reset of 'pci_ide' plugin device by virtual method
02482980000i[PLUGIN] reset of 'unmapped' plugin device by virtual method
02482980000i[PLUGIN] reset of 'biosdev' plugin device by virtual method
02482980000i[PLUGIN] reset of 'speaker' plugin device by virtual method
02482980000i[PLUGIN] reset of 'extfpuirq' plugin device by virtual method
02482980000i[PLUGIN] reset of 'parallel' plugin device by virtual method
02482980000i[PLUGIN] reset of 'serial' plugin device by virtual method
02482980000i[PLUGIN] reset of 'iodebug' plugin device by virtual method
02482980000i[PLUGIN] reset of 'usb_uhci' plugin device by virtual method
02482984662i[BIOS  ] $Revision: 13073 $ $Date: 2017-02-16 22:43:52 +0100 (Do, 16. Feb 2017) $
02483298050i[KBD   ] reset-disable command received
02483300819i[BIOS  ] Starting rombios32
02483301257i[BIOS  ] Shutdown flag 0
02483301840i[BIOS  ] ram_size=0x02000000
02483302261i[BIOS  ] ram_end=32MB
02483342829i[BIOS  ] Found 1 cpu(s)
02483356413i[BIOS  ] bios_table_addr: 0x000f9cd8 end=0x000fcc00
02483684208i[PCI   ] i440FX PMC write to PAM register 59 (TLB Flush)
02484012137i[P2ISA ] PCI IRQ routing: PIRQA# set to 0x0b
02484012156i[P2ISA ] PCI IRQ routing: PIRQB# set to 0x09
02484012175i[P2ISA ] PCI IRQ routing: PIRQC# set to 0x0b
02484012194i[P2ISA ] PCI IRQ routing: PIRQD# set to 0x09
02484012204i[P2ISA ] write: ELCR2 = 0x0a
02484012974i[BIOS  ] PIIX3/PIIX4 init: elcr=00 0a
02484020697i[BIOS  ] PCI: bus=0 devfn=0x00: vendor_id=0x8086 device_id=0x1237 class=0x0600
02484022976i[BIOS  ] PCI: bus=0 devfn=0x08: vendor_id=0x8086 device_id=0x7000 class=0x0601
02484025094i[BIOS  ] PCI: bus=0 devfn=0x09: vendor_id=0x8086 device_id=0x7010 class=0x0101
02484025939i[BIOS  ] region 4: 0x0000c000
02484027953i[BIOS  ] PCI: bus=0 devfn=0x0a: vendor_id=0x8086 device_id=0x7020 class=0x0c03
02484028773i[BIOS  ] region 4: 0x0000c020
02484028901i[UHCI  ] new irq line = 9
02484030796i[BIOS  ] PCI: bus=0 devfn=0x0b: vendor_id=0x8086 device_id=0x7113 class=0x0680
02484031028i[ACPI  ] new irq line = 11
02484031040i[ACPI  ] new irq line = 9
02484031107i[PCI   ] setting SMRAM control register to 0x4a
02484195200i[CPU0  ] Enter to System Management Mode
02484195210i[CPU0  ] RSM: Resuming from System Management Mode
02484359231i[PCI   ] setting SMRAM control register to 0x0a
02484374138i[BIOS  ] MP table addr=0x000f9db0 MPC table addr=0x000f9ce0 size=0xc8
02484375960i[BIOS  ] SMBIOS table addr=0x000f9dc0
02484378141i[BIOS  ] ACPI tables: RSDP addr=0x000f9ee0 ACPI DATA addr=0x01ff0000 size=0xf72
02484381353i[BIOS  ] Firmware waking vector 0x1ff00cc
02484383148i[PCI   ] i440FX PMC write to PAM register 59 (TLB Flush)
02484383871i[BIOS  ] bios_table_cur_addr: 0x000f9f04
02484511488i[VBIOS ] VGABios $Id: vgabios.c,v 1.76 2013/02/10 08:07:03 vruppert Exp $
02484511559i[BXVGA ] VBE known Display Interface b0c0
02484511591i[BXVGA ] VBE known Display Interface b0c5
02484514516i[VBIOS ] VBE Bios $Id: vbe.c,v 1.65 2014/07/08 18:02:25 vruppert Exp $
02485252484i[XGUI  ] charmap update. Font is 9 x 16
02497020189i[BIOS  ] Booting from 0000:7c00
